<?xml version="1.0" encoding="UTF-8"?>
<!-- Generated by org.testng.reporters.JUnitReportReporter -->
<testsuite skipped="0" hostname="Lenovo-PC" name="testcase.DATAPROVIDERINSAMECLASS" tests="2" failures="0" timestamp="2019-10-10T21:06:26 IST" time="0.038" errors="0">
  <testcase name="testmethod" time="0.029" classname="testcase.DATAPROVIDERINSAMECLASS"/>
  <testcase name="testmethod" time="0.009" classname="testcase.DATAPROVIDERINSAMECLASS"/>
</testsuite> <!-- testcase.DATAPROVIDERINSAMECLASS -->
