<?xml version="1.0" encoding="UTF-8"?>
<!-- Generated by org.testng.reporters.JUnitReportReporter -->
<testsuite skipped="0" hostname="Lenovo-PC" name="testcase.TestDataprovider" tests="2" failures="0" timestamp="2019-10-13T18:07:42 IST" time="0.044" errors="0">
  <testcase name="testlogin" time="0.039" classname="testcase.TestDataprovider"/>
  <testcase name="testlogin" time="0.005" classname="testcase.TestDataprovider"/>
</testsuite> <!-- testcase.TestDataprovider -->
