<?xml version="1.0" encoding="UTF-8"?>
<!-- Generated by org.testng.reporters.JUnitReportReporter -->
<testsuite skipped="0" hostname="Lenovo-PC" name="test.ClassA" tests="3" failures="0" timestamp="2019-10-06T17:06:38 IST" time="0.082" errors="0">
  <testcase name="setData" time="0.047" classname="test.ClassA"/>
  <testcase name="setData" time="0.009" classname="test.ClassA"/>
  <testcase name="setData" time="0.026" classname="test.ClassA"/>
</testsuite> <!-- test.ClassA -->
