<?xml version="1.0" encoding="UTF-8"?>
<!-- Generated by org.testng.reporters.JUnitReportReporter -->
<testsuite skipped="0" hostname="Lenovo-PC" name="testcase.TestA" tests="3" failures="0" timestamp="2019-10-06T18:16:55 IST" time="0.073" errors="0">
  <testcase name="doLogout" time="0.007" classname="testcase.TestA"/>
  <testcase name="doLogin" time="0.061" classname="testcase.TestA"/>
  <testcase name="dopasswordchange" time="0.005" classname="testcase.TestA"/>
</testsuite> <!-- testcase.TestA -->
