<?xml version="1.0" encoding="UTF-8"?>
<!-- Generated by org.testng.reporters.JUnitReportReporter -->
<testsuite skipped="0" hostname="Lenovo-PC" name="testcase.Paymenttest" tests="2" failures="0" timestamp="2019-10-06T12:06:00 IST" time="0.050" errors="0">
  <testcase name="PaymentinRupees" time="0.005" classname="testcase.Paymenttest"/>
  <testcase name="PaymentinDollar" time="0.045" classname="testcase.Paymenttest"/>
</testsuite> <!-- testcase.Paymenttest -->
